<?xml version="1.0" encoding="UTF-8"?>
<!-- Generated by org.testng.reporters.JUnitXMLReporter -->
<testsuite ignored="0" hostname="DESKTOP-L5C4UAR" failures="0" tests="2" name="Search and cartPage test" time="98.085" errors="0" timestamp="2020-01-21T10:40:41 EST">
  <testcase classname="com.webstaurant.testcases.HomePageTest" name="checkTitleOfAllItems" time="54.14"/>
  <testcase classname="com.webstaurant.testcases.HomePageTest" name="addTheLastFoundItemToCard" time="13.279"/>
</testsuite> <!-- Search and cartPage test -->
